<?xml version="1.0" encoding="UTF-8"?>
<!-- Generated by org.testng.reporters.JUnitReportReporter -->
<testsuite hostname="Chitti_Surf" failures="0" tests="2" name="myTestRunner.TestRunner" time="86.286" errors="0" timestamp="2025-02-26T22:34:45 CST" skipped="0">
  <testcase classname="myTestRunner.TestRunner" name="runScenario" time="35.565"/>
  <system-out/>
  <testcase classname="myTestRunner.TestRunner" name="runScenario" time="50.721"/>
  <system-out/>
</testsuite> <!-- myTestRunner.TestRunner -->
