<?xml version="1.0" encoding="UTF-8"?>
<!-- Generated by org.testng.reporters.JUnitReportReporter -->
<testsuite hostname="Chitti_Surf" failures="0" tests="2" name="myTestRunner.TestRunner" time="81.760" errors="0" timestamp="2025-02-10T23:47:17 CST" skipped="0">
  <testcase classname="myTestRunner.TestRunner" name="runScenario" time="34.703"/>
  <system-out/>
  <testcase classname="myTestRunner.TestRunner" name="runScenario" time="47.057"/>
  <system-out/>
</testsuite> <!-- myTestRunner.TestRunner -->
