<?xml version="1.0" encoding="UTF-8"?>
<!-- Generated by org.testng.reporters.JUnitReportReporter -->
<testsuite hostname="Chitti_Surf" failures="0" tests="2" name="myTestRunner.TestRunner" time="85.319" errors="0" timestamp="2025-02-25T21:36:40 CST" skipped="0">
  <testcase classname="myTestRunner.TestRunner" name="runScenario" time="35.524"/>
  <system-out/>
  <testcase classname="myTestRunner.TestRunner" name="runScenario" time="49.795"/>
  <system-out/>
</testsuite> <!-- myTestRunner.TestRunner -->
