<?xml version="1.0" encoding="UTF-8"?>
<!-- Generated by org.testng.reporters.JUnitReportReporter -->
<testsuite hostname="Chitti_Surf" failures="0" tests="2" name="myTestRunner.TestRunner" time="85.313" errors="0" timestamp="2025-02-26T01:28:08 CST" skipped="0">
  <testcase classname="myTestRunner.TestRunner" name="runScenario" time="50.455"/>
  <system-out/>
  <testcase classname="myTestRunner.TestRunner" name="runScenario" time="34.858"/>
  <system-out/>
</testsuite> <!-- myTestRunner.TestRunner -->
