<?xml version="1.0" encoding="UTF-8"?>
<!-- Generated by org.testng.reporters.JUnitReportReporter -->
<testsuite hostname="Chitti_Surf" failures="0" tests="2" name="myTestRunner.TestRunner" time="87.821" errors="0" timestamp="2025-02-26T22:40:53 CST" skipped="0">
  <testcase classname="myTestRunner.TestRunner" name="runScenario" time="50.482"/>
  <testcase classname="myTestRunner.TestRunner" name="runScenario" time="37.339"/>
</testsuite> <!-- myTestRunner.TestRunner -->
