<?xml version="1.0" encoding="UTF-8"?>
<!-- Generated by org.testng.reporters.JUnitReportReporter -->
<testsuite hostname="Chitti_Surf" failures="0" tests="2" name="myTestRunner.TestRunner" time="83.367" errors="0" timestamp="2025-02-25T13:50:05 CST" skipped="0">
  <testcase classname="myTestRunner.TestRunner" name="runScenario" time="35.303"/>
  <testcase classname="myTestRunner.TestRunner" name="runScenario" time="48.064"/>
</testsuite> <!-- myTestRunner.TestRunner -->
