<?xml version="1.0" encoding="UTF-8"?>
<!-- Generated by org.testng.reporters.JUnitReportReporter -->
<testsuite hostname="Chitti_Surf" failures="0" tests="2" name="myTestRunner.TestRunner" time="71.587" errors="0" timestamp="2025-02-03T00:22:08 CST" skipped="0">
  <testcase classname="myTestRunner.TestRunner" name="runScenario" time="37.982"/>
  <testcase classname="myTestRunner.TestRunner" name="runScenario" time="33.605"/>
</testsuite> <!-- myTestRunner.TestRunner -->
