<?xml version="1.0" encoding="UTF-8"?>
<!-- Generated by org.testng.reporters.JUnitReportReporter -->
<testsuite hostname="Chitti_Surf" failures="0" tests="2" name="myTestRunner.TestRunner" time="48.536" errors="2" timestamp="2025-02-10T23:00:27 CST" skipped="0">
  <testcase classname="myTestRunner.TestRunner" name="runScenario" time="15.995">
    <error message="Cannot invoke &quot;org.openqa.selenium.WebElement.findElement(org.openqa.selenium.By)&quot; because the return value of &quot;pageObjects.ProductCatalogPage.getProductByName(String)&quot; is null" type="java.lang.NullPointerException">
      <![CDATA[java.lang.NullPointerException: Cannot invoke "org.openqa.selenium.WebElement.findElement(org.openqa.selenium.By)" because the return value of "pageObjects.ProductCatalogPage.getProductByName(String)" is null
at pageObjects.ProductCatalogPage.clickaddProductToCart(ProductCatalogPage.java:50)
at stepDefinitions.SubmitOrderStepDef.I_add_procut_to_cart(SubmitOrderStepDef.java:67)
at ✽.I add the product BANARSI SAREE to cart(file:///C:/Users/hemaj/eclipse-workspace/CuCumberBDDMaveProject/src/test/java/bddcucumber/SubmitOrder.feature:8)
]]>
    </error>
  </testcase> <!-- runScenario -->
  <testcase classname="myTestRunner.TestRunner" name="runScenario" time="32.541">
    <error message="Cannot invoke &quot;org.openqa.selenium.WebElement.click()&quot; because &quot;del&quot; is null" type="java.lang.NullPointerException">
      <![CDATA[java.lang.NullPointerException: Cannot invoke "org.openqa.selenium.WebElement.click()" because "del" is null
at pageObjects.OrdersPage.clickOnDeleteBtn(OrdersPage.java:26)
at stepDefinitions.SubmitOrderStepDef.click_delete_btn(SubmitOrderStepDef.java:97)
at ✽.click on the delete button(file:///C:/Users/hemaj/eclipse-workspace/CuCumberBDDMaveProject/src/test/java/bddcucumber/SubmitOrder.feature:20)
]]>
    </error>
  </testcase> <!-- runScenario -->
</testsuite> <!-- myTestRunner.TestRunner -->
