<?xml version="1.0" encoding="UTF-8"?>
<!-- Generated by org.testng.reporters.JUnitReportReporter -->
<testsuite hostname="Chitti_Surf" failures="0" tests="2" name="myTestRunner.TestRunner" time="85.291" errors="0" timestamp="2025-02-26T01:35:37 CST" skipped="0">
  <testcase classname="myTestRunner.TestRunner" name="runScenario" time="50.179"/>
  <testcase classname="myTestRunner.TestRunner" name="runScenario" time="35.112"/>
</testsuite> <!-- myTestRunner.TestRunner -->
