<?xml version="1.0" encoding="UTF-8"?>
<!-- Generated by org.testng.reporters.JUnitReportReporter -->
<testsuite hostname="Chitti_Surf" failures="0" tests="2" name="myTestRunner.TestRunner" time="84.875" errors="0" timestamp="2025-02-25T23:27:12 CST" skipped="0">
  <testcase classname="myTestRunner.TestRunner" name="runScenario" time="50.251"/>
  <testcase classname="myTestRunner.TestRunner" name="runScenario" time="34.624"/>
</testsuite> <!-- myTestRunner.TestRunner -->
